[2017-10-09 11:01:47,737] INFO [Controller 0]: Controller starting up (kafka.controller.KafkaController)
[2017-10-09 11:01:47,780] INFO [Controller 0]: Broker 0 starting become controller state transition (kafka.controller.KafkaController)
[2017-10-09 11:01:47,811] INFO [Controller 0]: Controller 0 incremented epoch to 1 (kafka.controller.KafkaController)
[2017-10-09 11:01:47,812] DEBUG [Controller 0]: Registering IsrChangeNotificationListener (kafka.controller.KafkaController)
[2017-10-09 11:01:47,842] INFO [Controller 0]: Partitions undergoing preferred replica election:  (kafka.controller.KafkaController)
[2017-10-09 11:01:47,842] INFO [Controller 0]: Partitions that completed preferred replica election:  (kafka.controller.KafkaController)
[2017-10-09 11:01:47,843] INFO [Controller 0]: Resuming preferred replica election for partitions:  (kafka.controller.KafkaController)
[2017-10-09 11:01:47,846] INFO [Controller 0]: Partitions being reassigned: Map() (kafka.controller.KafkaController)
[2017-10-09 11:01:47,847] INFO [Controller 0]: Partitions already reassigned: List() (kafka.controller.KafkaController)
[2017-10-09 11:01:47,848] INFO [Controller 0]: Resuming reassignment of partitions: Map() (kafka.controller.KafkaController)
[2017-10-09 11:01:47,851] INFO [Controller 0]: List of topics to be deleted:  (kafka.controller.KafkaController)
[2017-10-09 11:01:47,851] INFO [Controller 0]: List of topics ineligible for deletion:  (kafka.controller.KafkaController)
[2017-10-09 11:01:47,854] INFO [Controller 0]: Currently active brokers in the cluster: Set() (kafka.controller.KafkaController)
[2017-10-09 11:01:47,865] INFO [Controller 0]: Currently shutting brokers in the cluster: Set() (kafka.controller.KafkaController)
[2017-10-09 11:01:47,865] INFO [Controller 0]: Current list of topics in the cluster: Set() (kafka.controller.KafkaController)
[2017-10-09 11:01:47,867] INFO [Replica state machine on controller 0]: Started replica state machine with initial state -> Map() (kafka.controller.ReplicaStateMachine)
[2017-10-09 11:01:47,871] INFO [Partition state machine on Controller 0]: Started partition state machine with initial state -> Map() (kafka.controller.PartitionStateMachine)
[2017-10-09 11:01:47,871] INFO [Controller 0]: Broker 0 is ready to serve as the new controller with epoch 1 (kafka.controller.KafkaController)
[2017-10-09 11:01:47,872] INFO [Controller 0]: Starting preferred replica leader election for partitions  (kafka.controller.KafkaController)
[2017-10-09 11:01:47,873] INFO [Partition state machine on Controller 0]: Invoking state change to OnlinePartition for partitions  (kafka.controller.PartitionStateMachine)
[2017-10-09 11:01:47,889] INFO [Controller 0]: starting the partition rebalance scheduler (kafka.controller.KafkaController)
[2017-10-09 11:01:47,890] INFO [Controller 0]: Controller startup complete (kafka.controller.KafkaController)
[2017-10-09 11:01:47,983] INFO [BrokerChangeListener on Controller 0]: Broker change listener fired for path /brokers/ids with children 0 (kafka.controller.ReplicaStateMachine$BrokerChangeListener)
[2017-10-09 11:01:48,009] INFO [BrokerChangeListener on Controller 0]: Newly added brokers: 0, deleted brokers: , all live brokers: 0 (kafka.controller.ReplicaStateMachine$BrokerChangeListener)
[2017-10-09 11:01:48,010] DEBUG [Channel manager on controller 0]: Controller 0 trying to connect to broker 0 (kafka.controller.ControllerChannelManager)
[2017-10-09 11:01:48,015] INFO [Controller-0-to-broker-0-send-thread], Starting  (kafka.controller.RequestSendThread)
[2017-10-09 11:01:48,016] INFO [Controller 0]: New broker startup callback for 0 (kafka.controller.KafkaController)
[2017-10-09 11:01:48,032] INFO [Controller-0-to-broker-0-send-thread], Controller 0 connected to shubham-Vostro-15-3568:9092 (id: 0 rack: null) for sending state change requests (kafka.controller.RequestSendThread)
[2017-10-09 11:01:52,891] TRACE [Controller 0]: checking need to trigger partition rebalance (kafka.controller.KafkaController)
[2017-10-09 11:01:52,894] DEBUG [Controller 0]: preferred replicas by broker Map() (kafka.controller.KafkaController)
[2017-10-09 11:06:52,889] TRACE [Controller 0]: checking need to trigger partition rebalance (kafka.controller.KafkaController)
[2017-10-09 11:06:52,890] DEBUG [Controller 0]: preferred replicas by broker Map() (kafka.controller.KafkaController)
[2017-10-09 11:11:52,889] TRACE [Controller 0]: checking need to trigger partition rebalance (kafka.controller.KafkaController)
[2017-10-09 11:11:52,890] DEBUG [Controller 0]: preferred replicas by broker Map() (kafka.controller.KafkaController)
[2017-10-09 11:16:52,889] TRACE [Controller 0]: checking need to trigger partition rebalance (kafka.controller.KafkaController)
[2017-10-09 11:16:52,890] DEBUG [Controller 0]: preferred replicas by broker Map() (kafka.controller.KafkaController)
[2017-10-09 11:21:52,889] TRACE [Controller 0]: checking need to trigger partition rebalance (kafka.controller.KafkaController)
[2017-10-09 11:21:52,890] DEBUG [Controller 0]: preferred replicas by broker Map() (kafka.controller.KafkaController)
[2017-10-09 11:26:52,889] TRACE [Controller 0]: checking need to trigger partition rebalance (kafka.controller.KafkaController)
[2017-10-09 11:26:52,890] DEBUG [Controller 0]: preferred replicas by broker Map() (kafka.controller.KafkaController)
[2017-10-09 11:31:52,889] TRACE [Controller 0]: checking need to trigger partition rebalance (kafka.controller.KafkaController)
[2017-10-09 11:31:52,890] DEBUG [Controller 0]: preferred replicas by broker Map() (kafka.controller.KafkaController)
[2017-10-09 11:33:19,993] INFO [Controller 0]: Shutting down broker 0 (kafka.controller.KafkaController)
[2017-10-09 11:33:19,993] DEBUG [Controller 0]: All shutting down brokers: 0 (kafka.controller.KafkaController)
[2017-10-09 11:33:19,994] DEBUG [Controller 0]: Live brokers:  (kafka.controller.KafkaController)
[2017-10-09 11:33:19,995] TRACE [Controller 0]: All leaders =  (kafka.controller.KafkaController)
[2017-10-09 11:33:21,975] DEBUG [Controller 0]: Controller resigning, broker id 0 (kafka.controller.KafkaController)
[2017-10-09 11:33:21,976] DEBUG [Controller 0]: De-registering IsrChangeNotificationListener (kafka.controller.KafkaController)
[2017-10-09 11:33:21,980] INFO [Partition state machine on Controller 0]: Stopped partition state machine (kafka.controller.PartitionStateMachine)
[2017-10-09 11:33:21,980] INFO [Replica state machine on controller 0]: Stopped replica state machine (kafka.controller.ReplicaStateMachine)
[2017-10-09 11:33:21,984] INFO [Controller-0-to-broker-0-send-thread], Shutting down (kafka.controller.RequestSendThread)
[2017-10-09 11:33:21,984] INFO [Controller-0-to-broker-0-send-thread], Stopped  (kafka.controller.RequestSendThread)
[2017-10-09 11:33:21,984] INFO [Controller-0-to-broker-0-send-thread], Shutdown completed (kafka.controller.RequestSendThread)
[2017-10-09 11:33:21,986] INFO [Controller 0]: Broker 0 resigned as the controller (kafka.controller.KafkaController)
[2017-10-09 11:33:33,723] INFO [Controller 0]: Controller starting up (kafka.controller.KafkaController)
[2017-10-09 11:33:33,789] INFO [Controller 0]: Broker 0 starting become controller state transition (kafka.controller.KafkaController)
[2017-10-09 11:33:33,797] INFO [Controller 0]: Initialized controller epoch to 1 and zk version 0 (kafka.controller.KafkaController)
[2017-10-09 11:33:33,809] INFO [Controller 0]: Controller 0 incremented epoch to 2 (kafka.controller.KafkaController)
[2017-10-09 11:33:33,811] DEBUG [Controller 0]: Registering IsrChangeNotificationListener (kafka.controller.KafkaController)
[2017-10-09 11:33:33,830] INFO [Controller 0]: Partitions undergoing preferred replica election:  (kafka.controller.KafkaController)
[2017-10-09 11:33:33,830] INFO [Controller 0]: Partitions that completed preferred replica election:  (kafka.controller.KafkaController)
[2017-10-09 11:33:33,831] INFO [Controller 0]: Resuming preferred replica election for partitions:  (kafka.controller.KafkaController)
[2017-10-09 11:33:33,835] INFO [Controller 0]: Partitions being reassigned: Map() (kafka.controller.KafkaController)
[2017-10-09 11:33:33,836] INFO [Controller 0]: Partitions already reassigned: List() (kafka.controller.KafkaController)
[2017-10-09 11:33:33,837] INFO [Controller 0]: Resuming reassignment of partitions: Map() (kafka.controller.KafkaController)
[2017-10-09 11:33:33,842] INFO [Controller 0]: List of topics to be deleted:  (kafka.controller.KafkaController)
[2017-10-09 11:33:33,843] INFO [Controller 0]: List of topics ineligible for deletion:  (kafka.controller.KafkaController)
[2017-10-09 11:33:33,889] INFO [Controller 0]: Currently active brokers in the cluster: Set() (kafka.controller.KafkaController)
[2017-10-09 11:33:33,890] INFO [Controller 0]: Currently shutting brokers in the cluster: Set() (kafka.controller.KafkaController)
[2017-10-09 11:33:33,890] INFO [Controller 0]: Current list of topics in the cluster: Set() (kafka.controller.KafkaController)
[2017-10-09 11:33:33,892] INFO [Replica state machine on controller 0]: Started replica state machine with initial state -> Map() (kafka.controller.ReplicaStateMachine)
[2017-10-09 11:33:33,922] INFO [Partition state machine on Controller 0]: Started partition state machine with initial state -> Map() (kafka.controller.PartitionStateMachine)
[2017-10-09 11:33:33,923] INFO [Controller 0]: Broker 0 is ready to serve as the new controller with epoch 2 (kafka.controller.KafkaController)
[2017-10-09 11:33:33,924] INFO [Controller 0]: Starting preferred replica leader election for partitions  (kafka.controller.KafkaController)
[2017-10-09 11:33:33,926] INFO [Partition state machine on Controller 0]: Invoking state change to OnlinePartition for partitions  (kafka.controller.PartitionStateMachine)
[2017-10-09 11:33:33,942] INFO [Controller 0]: starting the partition rebalance scheduler (kafka.controller.KafkaController)
[2017-10-09 11:33:33,943] INFO [Controller 0]: Controller startup complete (kafka.controller.KafkaController)
[2017-10-09 11:33:34,067] INFO [BrokerChangeListener on Controller 0]: Broker change listener fired for path /brokers/ids with children 0 (kafka.controller.ReplicaStateMachine$BrokerChangeListener)
[2017-10-09 11:33:34,122] INFO [BrokerChangeListener on Controller 0]: Newly added brokers: 0, deleted brokers: , all live brokers: 0 (kafka.controller.ReplicaStateMachine$BrokerChangeListener)
[2017-10-09 11:33:34,125] DEBUG [Channel manager on controller 0]: Controller 0 trying to connect to broker 0 (kafka.controller.ControllerChannelManager)
[2017-10-09 11:33:34,136] INFO [Controller-0-to-broker-0-send-thread], Starting  (kafka.controller.RequestSendThread)
[2017-10-09 11:33:34,136] INFO [Controller 0]: New broker startup callback for 0 (kafka.controller.KafkaController)
[2017-10-09 11:33:34,161] INFO [Controller-0-to-broker-0-send-thread], Controller 0 connected to shubham-Vostro-15-3568:9092 (id: 0 rack: null) for sending state change requests (kafka.controller.RequestSendThread)
[2017-10-09 11:33:38,945] TRACE [Controller 0]: checking need to trigger partition rebalance (kafka.controller.KafkaController)
[2017-10-09 11:33:38,948] DEBUG [Controller 0]: preferred replicas by broker Map() (kafka.controller.KafkaController)
[2017-10-09 11:34:10,993] INFO [Controller 0]: Shutting down broker 0 (kafka.controller.KafkaController)
[2017-10-09 11:34:10,994] DEBUG [Controller 0]: All shutting down brokers: 0 (kafka.controller.KafkaController)
[2017-10-09 11:34:10,995] DEBUG [Controller 0]: Live brokers:  (kafka.controller.KafkaController)
[2017-10-09 11:34:10,997] TRACE [Controller 0]: All leaders =  (kafka.controller.KafkaController)
[2017-10-09 11:34:12,389] DEBUG [Controller 0]: Controller resigning, broker id 0 (kafka.controller.KafkaController)
[2017-10-09 11:34:12,390] DEBUG [Controller 0]: De-registering IsrChangeNotificationListener (kafka.controller.KafkaController)
[2017-10-09 11:34:12,393] INFO [Partition state machine on Controller 0]: Stopped partition state machine (kafka.controller.PartitionStateMachine)
[2017-10-09 11:34:12,394] INFO [Replica state machine on controller 0]: Stopped replica state machine (kafka.controller.ReplicaStateMachine)
[2017-10-09 11:34:12,397] INFO [Controller-0-to-broker-0-send-thread], Shutting down (kafka.controller.RequestSendThread)
[2017-10-09 11:34:12,397] INFO [Controller-0-to-broker-0-send-thread], Stopped  (kafka.controller.RequestSendThread)
[2017-10-09 11:34:12,397] INFO [Controller-0-to-broker-0-send-thread], Shutdown completed (kafka.controller.RequestSendThread)
[2017-10-09 11:34:12,399] INFO [Controller 0]: Broker 0 resigned as the controller (kafka.controller.KafkaController)
