[2017-10-09 11:01:47,203] INFO starting (kafka.server.KafkaServer)
[2017-10-09 11:01:47,213] INFO Connecting to zookeeper on localhost:2181 (kafka.server.KafkaServer)
[2017-10-09 11:01:47,240] INFO Starting ZkClient event thread. (org.I0Itec.zkclient.ZkEventThread)
[2017-10-09 11:01:47,257] INFO Waiting for keeper state SyncConnected (org.I0Itec.zkclient.ZkClient)
[2017-10-09 11:01:47,412] INFO zookeeper state changed (SyncConnected) (org.I0Itec.zkclient.ZkClient)
[2017-10-09 11:01:47,613] INFO Log directory '/home/shubham/Documents/study/play/LagomFinal/target/lagom-dynamic-projects/lagom-internal-meta-project-kafka/target/kafka_data' not found, creating it. (kafka.log.LogManager)
[2017-10-09 11:01:47,619] INFO Loading logs. (kafka.log.LogManager)
[2017-10-09 11:01:47,623] INFO Logs loading complete. (kafka.log.LogManager)
[2017-10-09 11:01:47,667] INFO Starting log cleanup with a period of 300000 ms. (kafka.log.LogManager)
[2017-10-09 11:01:47,668] INFO Starting log flusher with a default period of 9223372036854775807 ms. (kafka.log.LogManager)
[2017-10-09 11:01:47,672] WARN No meta.properties file under dir /home/shubham/Documents/study/play/LagomFinal/target/lagom-dynamic-projects/lagom-internal-meta-project-kafka/target/kafka_data/meta.properties (kafka.server.BrokerMetadataCheckpoint)
[2017-10-09 11:01:47,703] INFO Awaiting socket connections on 0.0.0.0:9092. (kafka.network.Acceptor)
[2017-10-09 11:01:47,706] INFO [Socket Server on Broker 0], Started 1 acceptor threads (kafka.network.SocketServer)
[2017-10-09 11:01:47,718] INFO [ExpirationReaper-0], Starting  (kafka.server.DelayedOperationPurgatory$ExpiredOperationReaper)
[2017-10-09 11:01:47,719] INFO [ExpirationReaper-0], Starting  (kafka.server.DelayedOperationPurgatory$ExpiredOperationReaper)
[2017-10-09 11:01:47,765] INFO Creating /controller (is it secure? false) (kafka.utils.ZKCheckedEphemeral)
[2017-10-09 11:01:47,780] INFO Result of znode creation is: OK (kafka.utils.ZKCheckedEphemeral)
[2017-10-09 11:01:47,780] INFO 0 successfully elected as leader (kafka.server.ZookeeperLeaderElector)
[2017-10-09 11:01:47,903] INFO [ExpirationReaper-0], Starting  (kafka.server.DelayedOperationPurgatory$ExpiredOperationReaper)
[2017-10-09 11:01:47,907] INFO [GroupCoordinator 0]: Starting up. (kafka.coordinator.GroupCoordinator)
[2017-10-09 11:01:47,907] INFO [ExpirationReaper-0], Starting  (kafka.server.DelayedOperationPurgatory$ExpiredOperationReaper)
[2017-10-09 11:01:47,907] INFO [GroupCoordinator 0]: Startup complete. (kafka.coordinator.GroupCoordinator)
[2017-10-09 11:01:47,920] INFO [Group Metadata Manager on Broker 0]: Removed 0 expired offsets in 7 milliseconds. (kafka.coordinator.GroupMetadataManager)
[2017-10-09 11:01:47,940] INFO [ThrottledRequestReaper-Produce], Starting  (kafka.server.ClientQuotaManager$ThrottledRequestReaper)
[2017-10-09 11:01:47,944] INFO [ThrottledRequestReaper-Fetch], Starting  (kafka.server.ClientQuotaManager$ThrottledRequestReaper)
[2017-10-09 11:01:47,946] INFO Will not load MX4J, mx4j-tools.jar is not in the classpath (kafka.utils.Mx4jLoader$)
[2017-10-09 11:01:47,960] INFO Creating /brokers/ids/0 (is it secure? false) (kafka.utils.ZKCheckedEphemeral)
[2017-10-09 11:01:47,977] INFO Result of znode creation is: OK (kafka.utils.ZKCheckedEphemeral)
[2017-10-09 11:01:47,978] INFO New leader is 0 (kafka.server.ZookeeperLeaderElector$LeaderChangeListener)
[2017-10-09 11:01:47,978] INFO Registered broker 0 at path /brokers/ids/0 with addresses: PLAINTEXT -> EndPoint(shubham-Vostro-15-3568,9092,PLAINTEXT) (kafka.utils.ZkUtils)
[2017-10-09 11:01:47,978] WARN No meta.properties file under dir /home/shubham/Documents/study/play/LagomFinal/target/lagom-dynamic-projects/lagom-internal-meta-project-kafka/target/kafka_data/meta.properties (kafka.server.BrokerMetadataCheckpoint)
[2017-10-09 11:01:48,044] INFO [Kafka Server 0], started (kafka.server.KafkaServer)
[2017-10-09 11:11:47,905] INFO [Group Metadata Manager on Broker 0]: Removed 0 expired offsets in 0 milliseconds. (kafka.coordinator.GroupMetadataManager)
[2017-10-09 11:21:47,904] INFO [Group Metadata Manager on Broker 0]: Removed 0 expired offsets in 0 milliseconds. (kafka.coordinator.GroupMetadataManager)
[2017-10-09 11:31:47,904] INFO [Group Metadata Manager on Broker 0]: Removed 0 expired offsets in 0 milliseconds. (kafka.coordinator.GroupMetadataManager)
[2017-10-09 11:33:19,942] INFO [Kafka Server 0], shutting down (kafka.server.KafkaServer)
[2017-10-09 11:33:19,952] INFO [Kafka Server 0], Starting controlled shutdown (kafka.server.KafkaServer)
[2017-10-09 11:33:19,997] INFO [Kafka Server 0], Controlled shutdown succeeded (kafka.server.KafkaServer)
[2017-10-09 11:33:19,998] INFO [Socket Server on Broker 0], Shutting down (kafka.network.SocketServer)
[2017-10-09 11:33:20,002] INFO [Socket Server on Broker 0], Shutdown completed (kafka.network.SocketServer)
[2017-10-09 11:33:20,003] INFO [Kafka Request Handler on Broker 0], shutting down (kafka.server.KafkaRequestHandlerPool)
[2017-10-09 11:33:20,037] INFO [Kafka Request Handler on Broker 0], shut down completely (kafka.server.KafkaRequestHandlerPool)
[2017-10-09 11:33:20,043] INFO [ThrottledRequestReaper-Produce], Shutting down (kafka.server.ClientQuotaManager$ThrottledRequestReaper)
[2017-10-09 11:33:20,248] INFO [ThrottledRequestReaper-Produce], Shutdown completed (kafka.server.ClientQuotaManager$ThrottledRequestReaper)
[2017-10-09 11:33:20,248] INFO [ThrottledRequestReaper-Produce], Stopped  (kafka.server.ClientQuotaManager$ThrottledRequestReaper)
[2017-10-09 11:33:20,248] INFO [ThrottledRequestReaper-Fetch], Shutting down (kafka.server.ClientQuotaManager$ThrottledRequestReaper)
[2017-10-09 11:33:21,247] INFO [ThrottledRequestReaper-Fetch], Stopped  (kafka.server.ClientQuotaManager$ThrottledRequestReaper)
[2017-10-09 11:33:21,247] INFO [ThrottledRequestReaper-Fetch], Shutdown completed (kafka.server.ClientQuotaManager$ThrottledRequestReaper)
[2017-10-09 11:33:21,248] INFO [KafkaApi-0] Shutdown complete. (kafka.server.KafkaApis)
[2017-10-09 11:33:21,248] INFO [Replica Manager on Broker 0]: Shutting down (kafka.server.ReplicaManager)
[2017-10-09 11:33:21,248] INFO [ReplicaFetcherManager on broker 0] shutting down (kafka.server.ReplicaFetcherManager)
[2017-10-09 11:33:21,249] INFO [ReplicaFetcherManager on broker 0] shutdown completed (kafka.server.ReplicaFetcherManager)
[2017-10-09 11:33:21,249] INFO [ExpirationReaper-0], Shutting down (kafka.server.DelayedOperationPurgatory$ExpiredOperationReaper)
[2017-10-09 11:33:21,254] INFO [ExpirationReaper-0], Shutdown completed (kafka.server.DelayedOperationPurgatory$ExpiredOperationReaper)
[2017-10-09 11:33:21,254] INFO [ExpirationReaper-0], Stopped  (kafka.server.DelayedOperationPurgatory$ExpiredOperationReaper)
[2017-10-09 11:33:21,255] INFO [ExpirationReaper-0], Shutting down (kafka.server.DelayedOperationPurgatory$ExpiredOperationReaper)
[2017-10-09 11:33:21,269] INFO [ExpirationReaper-0], Stopped  (kafka.server.DelayedOperationPurgatory$ExpiredOperationReaper)
[2017-10-09 11:33:21,269] INFO [ExpirationReaper-0], Shutdown completed (kafka.server.DelayedOperationPurgatory$ExpiredOperationReaper)
[2017-10-09 11:33:21,271] INFO [Replica Manager on Broker 0]: Shut down completely (kafka.server.ReplicaManager)
[2017-10-09 11:33:21,272] INFO Shutting down. (kafka.log.LogManager)
[2017-10-09 11:33:21,282] INFO Shutdown complete. (kafka.log.LogManager)
[2017-10-09 11:33:21,282] INFO [GroupCoordinator 0]: Shutting down. (kafka.coordinator.GroupCoordinator)
[2017-10-09 11:33:21,282] INFO [ExpirationReaper-0], Shutting down (kafka.server.DelayedOperationPurgatory$ExpiredOperationReaper)
[2017-10-09 11:33:21,453] INFO [ExpirationReaper-0], Stopped  (kafka.server.DelayedOperationPurgatory$ExpiredOperationReaper)
[2017-10-09 11:33:21,453] INFO [ExpirationReaper-0], Shutdown completed (kafka.server.DelayedOperationPurgatory$ExpiredOperationReaper)
[2017-10-09 11:33:21,454] INFO [ExpirationReaper-0], Shutting down (kafka.server.DelayedOperationPurgatory$ExpiredOperationReaper)
[2017-10-09 11:33:21,653] INFO [ExpirationReaper-0], Stopped  (kafka.server.DelayedOperationPurgatory$ExpiredOperationReaper)
[2017-10-09 11:33:21,653] INFO [ExpirationReaper-0], Shutdown completed (kafka.server.DelayedOperationPurgatory$ExpiredOperationReaper)
[2017-10-09 11:33:21,972] INFO [GroupCoordinator 0]: Shutdown complete. (kafka.coordinator.GroupCoordinator)
[2017-10-09 11:33:21,987] INFO Terminate ZkClient event thread. (org.I0Itec.zkclient.ZkEventThread)
[2017-10-09 11:33:22,241] INFO [Kafka Server 0], shut down completed (kafka.server.KafkaServer)
[2017-10-09 11:33:33,358] INFO starting (kafka.server.KafkaServer)
[2017-10-09 11:33:33,366] INFO Connecting to zookeeper on localhost:2181 (kafka.server.KafkaServer)
[2017-10-09 11:33:33,386] INFO Starting ZkClient event thread. (org.I0Itec.zkclient.ZkEventThread)
[2017-10-09 11:33:33,389] INFO Waiting for keeper state SyncConnected (org.I0Itec.zkclient.ZkClient)
[2017-10-09 11:33:33,521] INFO zookeeper state changed (SyncConnected) (org.I0Itec.zkclient.ZkClient)
[2017-10-09 11:33:33,559] INFO Loading logs. (kafka.log.LogManager)
[2017-10-09 11:33:33,564] INFO Logs loading complete. (kafka.log.LogManager)
[2017-10-09 11:33:33,622] INFO Starting log cleanup with a period of 300000 ms. (kafka.log.LogManager)
[2017-10-09 11:33:33,624] INFO Starting log flusher with a default period of 9223372036854775807 ms. (kafka.log.LogManager)
[2017-10-09 11:33:33,676] INFO Awaiting socket connections on 0.0.0.0:9092. (kafka.network.Acceptor)
[2017-10-09 11:33:33,679] INFO [Socket Server on Broker 0], Started 1 acceptor threads (kafka.network.SocketServer)
[2017-10-09 11:33:33,694] INFO [ExpirationReaper-0], Starting  (kafka.server.DelayedOperationPurgatory$ExpiredOperationReaper)
[2017-10-09 11:33:33,695] INFO [ExpirationReaper-0], Starting  (kafka.server.DelayedOperationPurgatory$ExpiredOperationReaper)
[2017-10-09 11:33:33,761] INFO Creating /controller (is it secure? false) (kafka.utils.ZKCheckedEphemeral)
[2017-10-09 11:33:33,788] INFO Result of znode creation is: OK (kafka.utils.ZKCheckedEphemeral)
[2017-10-09 11:33:33,789] INFO 0 successfully elected as leader (kafka.server.ZookeeperLeaderElector)
[2017-10-09 11:33:33,948] INFO [ExpirationReaper-0], Starting  (kafka.server.DelayedOperationPurgatory$ExpiredOperationReaper)
[2017-10-09 11:33:33,954] INFO [ExpirationReaper-0], Starting  (kafka.server.DelayedOperationPurgatory$ExpiredOperationReaper)
[2017-10-09 11:33:33,968] INFO [GroupCoordinator 0]: Starting up. (kafka.coordinator.GroupCoordinator)
[2017-10-09 11:33:33,969] INFO [GroupCoordinator 0]: Startup complete. (kafka.coordinator.GroupCoordinator)
[2017-10-09 11:33:33,988] INFO [Group Metadata Manager on Broker 0]: Removed 0 expired offsets in 8 milliseconds. (kafka.coordinator.GroupMetadataManager)
[2017-10-09 11:33:34,005] INFO [ThrottledRequestReaper-Produce], Starting  (kafka.server.ClientQuotaManager$ThrottledRequestReaper)
[2017-10-09 11:33:34,006] INFO [ThrottledRequestReaper-Fetch], Starting  (kafka.server.ClientQuotaManager$ThrottledRequestReaper)
[2017-10-09 11:33:34,019] INFO New leader is 0 (kafka.server.ZookeeperLeaderElector$LeaderChangeListener)
[2017-10-09 11:33:34,021] INFO Will not load MX4J, mx4j-tools.jar is not in the classpath (kafka.utils.Mx4jLoader$)
[2017-10-09 11:33:34,046] INFO Creating /brokers/ids/0 (is it secure? false) (kafka.utils.ZKCheckedEphemeral)
[2017-10-09 11:33:34,066] INFO Result of znode creation is: OK (kafka.utils.ZKCheckedEphemeral)
[2017-10-09 11:33:34,067] INFO Registered broker 0 at path /brokers/ids/0 with addresses: PLAINTEXT -> EndPoint(shubham-Vostro-15-3568,9092,PLAINTEXT) (kafka.utils.ZkUtils)
[2017-10-09 11:33:34,089] INFO [Kafka Server 0], started (kafka.server.KafkaServer)
[2017-10-09 11:34:10,948] INFO [Kafka Server 0], shutting down (kafka.server.KafkaServer)
[2017-10-09 11:34:10,950] INFO [Kafka Server 0], Starting controlled shutdown (kafka.server.KafkaServer)
[2017-10-09 11:34:10,999] INFO [Kafka Server 0], Controlled shutdown succeeded (kafka.server.KafkaServer)
[2017-10-09 11:34:11,001] INFO [Socket Server on Broker 0], Shutting down (kafka.network.SocketServer)
[2017-10-09 11:34:11,005] INFO [Socket Server on Broker 0], Shutdown completed (kafka.network.SocketServer)
[2017-10-09 11:34:11,006] INFO [Kafka Request Handler on Broker 0], shutting down (kafka.server.KafkaRequestHandlerPool)
[2017-10-09 11:34:11,007] INFO [Kafka Request Handler on Broker 0], shut down completely (kafka.server.KafkaRequestHandlerPool)
[2017-10-09 11:34:11,009] INFO [ThrottledRequestReaper-Produce], Shutting down (kafka.server.ClientQuotaManager$ThrottledRequestReaper)
[2017-10-09 11:34:11,011] INFO [ThrottledRequestReaper-Produce], Stopped  (kafka.server.ClientQuotaManager$ThrottledRequestReaper)
[2017-10-09 11:34:11,011] INFO [ThrottledRequestReaper-Produce], Shutdown completed (kafka.server.ClientQuotaManager$ThrottledRequestReaper)
[2017-10-09 11:34:11,011] INFO [ThrottledRequestReaper-Fetch], Shutting down (kafka.server.ClientQuotaManager$ThrottledRequestReaper)
[2017-10-09 11:34:12,011] INFO [ThrottledRequestReaper-Fetch], Stopped  (kafka.server.ClientQuotaManager$ThrottledRequestReaper)
[2017-10-09 11:34:12,012] INFO [ThrottledRequestReaper-Fetch], Shutdown completed (kafka.server.ClientQuotaManager$ThrottledRequestReaper)
[2017-10-09 11:34:12,013] INFO [KafkaApi-0] Shutdown complete. (kafka.server.KafkaApis)
[2017-10-09 11:34:12,016] INFO [Replica Manager on Broker 0]: Shutting down (kafka.server.ReplicaManager)
[2017-10-09 11:34:12,017] INFO [ReplicaFetcherManager on broker 0] shutting down (kafka.server.ReplicaFetcherManager)
[2017-10-09 11:34:12,018] INFO [ReplicaFetcherManager on broker 0] shutdown completed (kafka.server.ReplicaFetcherManager)
[2017-10-09 11:34:12,018] INFO [ExpirationReaper-0], Shutting down (kafka.server.DelayedOperationPurgatory$ExpiredOperationReaper)
[2017-10-09 11:34:12,126] INFO [ExpirationReaper-0], Stopped  (kafka.server.DelayedOperationPurgatory$ExpiredOperationReaper)
[2017-10-09 11:34:12,126] INFO [ExpirationReaper-0], Shutdown completed (kafka.server.DelayedOperationPurgatory$ExpiredOperationReaper)
[2017-10-09 11:34:12,127] INFO [ExpirationReaper-0], Shutting down (kafka.server.DelayedOperationPurgatory$ExpiredOperationReaper)
[2017-10-09 11:34:12,326] INFO [ExpirationReaper-0], Stopped  (kafka.server.DelayedOperationPurgatory$ExpiredOperationReaper)
[2017-10-09 11:34:12,326] INFO [ExpirationReaper-0], Shutdown completed (kafka.server.DelayedOperationPurgatory$ExpiredOperationReaper)
[2017-10-09 11:34:12,332] INFO [Replica Manager on Broker 0]: Shut down completely (kafka.server.ReplicaManager)
[2017-10-09 11:34:12,333] INFO Shutting down. (kafka.log.LogManager)
[2017-10-09 11:34:12,347] INFO Shutdown complete. (kafka.log.LogManager)
[2017-10-09 11:34:12,348] INFO [GroupCoordinator 0]: Shutting down. (kafka.coordinator.GroupCoordinator)
[2017-10-09 11:34:12,349] INFO [ExpirationReaper-0], Shutting down (kafka.server.DelayedOperationPurgatory$ExpiredOperationReaper)
[2017-10-09 11:34:12,381] INFO [ExpirationReaper-0], Stopped  (kafka.server.DelayedOperationPurgatory$ExpiredOperationReaper)
[2017-10-09 11:34:12,381] INFO [ExpirationReaper-0], Shutdown completed (kafka.server.DelayedOperationPurgatory$ExpiredOperationReaper)
[2017-10-09 11:34:12,382] INFO [ExpirationReaper-0], Shutting down (kafka.server.DelayedOperationPurgatory$ExpiredOperationReaper)
[2017-10-09 11:34:12,385] INFO [ExpirationReaper-0], Stopped  (kafka.server.DelayedOperationPurgatory$ExpiredOperationReaper)
[2017-10-09 11:34:12,385] INFO [ExpirationReaper-0], Shutdown completed (kafka.server.DelayedOperationPurgatory$ExpiredOperationReaper)
[2017-10-09 11:34:12,386] INFO [GroupCoordinator 0]: Shutdown complete. (kafka.coordinator.GroupCoordinator)
[2017-10-09 11:34:12,400] INFO Terminate ZkClient event thread. (org.I0Itec.zkclient.ZkEventThread)
[2017-10-09 11:34:12,437] INFO [Kafka Server 0], shut down completed (kafka.server.KafkaServer)
